<?xml version="1.0" encoding="UTF-8"?>
<testng-results ignored="0" total="1" passed="1" failed="0" skipped="0">
  <reporter-output>
    <line>
      <![CDATA[TC1 Passed]]>
    </line>
    <line>
      <![CDATA[actiTIME - Enter Time-Track]]>
    </line>
  </reporter-output>
  <suite started-at="2022-11-10T22:17:06 IST" name="Suite" finished-at="2022-11-10T22:17:25 IST" duration-ms="18997">
    <groups>
    </groups>
    <test started-at="2022-11-10T22:17:06 IST" name="Test" finished-at="2022-11-10T22:17:25 IST" duration-ms="18997">
      <class name="testScripts.TestCase1">
        <test-method is-config="true" signature="openApp()[pri:0, instance:testScripts.TestCase1@1700915]" started-at="2022-11-10T22:17:06 IST" name="openApp" finished-at="2022-11-10T22:17:19 IST" duration-ms="12933" status="PASS">
          <reporter-output>
          </reporter-output>
        </test-method> <!-- openApp -->
        <test-method signature="tc1()[pri:0, instance:testScripts.TestCase1@1700915]" started-at="2022-11-10T22:17:19 IST" name="tc1" finished-at="2022-11-10T22:17:25 IST" duration-ms="5671" status="PASS">
          <reporter-output>
            <line>
              <![CDATA[TC1 Passed]]>
            </line>
            <line>
              <![CDATA[actiTIME - Enter Time-Track]]>
            </line>
          </reporter-output>
        </test-method> <!-- tc1 -->
        <test-method is-config="true" signature="closeApp(org.testng.ITestResult)[pri:0, instance:testScripts.TestCase1@1700915]" started-at="2022-11-10T22:17:25 IST" name="closeApp" finished-at="2022-11-10T22:17:25 IST" duration-ms="342" status="PASS">
          <params>
            <param index="0">
              <value>
                <![CDATA[[TestResult name=tc1 status=SUCCESS method=TestCase1.tc1()[pri:0, instance:testScripts.TestCase1@1700915] output=TC1 Passed]]]>
              </value>
            </param>
          </params>
          <reporter-output>
          </reporter-output>
        </test-method> <!-- closeApp -->
      </class> <!-- testScripts.TestCase1 -->
    </test> <!-- Test -->
  </suite> <!-- Suite -->
</testng-results>
